#
# A fatal error has been detected by the Java Runtime Environment:
#
#  Internal Error (0xc0020001), pid=5344, tid=6372
#
# JRE version: Java(TM) SE Runtime Environment (8.0_51-b16) (build 1.8.0_51-b16)
# Java VM: Java HotSpot(TM) Client VM (25.51-b03 mixed mode windows-x86 )
# Problematic frame:
# C  [KERNELBASE.dll+0x13d67]
#
# Failed to write core dump. Minidumps are not enabled by default on client versions of Windows
#
# If you would like to submit a bug report, please visit:
#   http://bugreport.java.com/bugreport/crash.jsp
# The crash happened outside the Java Virtual Machine in native code.
# See problematic frame for where to report the bug.
#

---------------  T H R E A D  ---------------

Current thread (0x0f48c400):  JavaThread "Thread-1" daemon [_thread_in_native, id=6372, stack(0x0ece0000,0x0ede0000)]

siginfo: ExceptionCode=0xc0020001, ExceptionInformation=0x8007042b 

Registers:
EAX=0x0edde4e0, EBX=0x0f18f7a0, ECX=0x00000001, EDX=0x00000000
ESP=0x0edde4e0, EBP=0x0edde53c, ESI=0x0a5e7678, EDI=0x0f48c400
EIP=0x74d13d67, EFLAGS=0x00000212

Top of Stack: (sp=0x0edde4e0)
0x0edde4e0:   c0020001 00000001 00000000 74d13d67
0x0edde4f0:   00000001 8007042b 0edde540 0f48c400
0x0edde500:   0edde558 59cad001 0f19f926 0f19f926
0x0edde510:   0f48c400 00000000 0f19d010 0f48c400
0x0edde520:   0edde54c 59cfc766 0f48c400 59cfc842
0x0edde530:   0f4a49c0 5afadc7d 0f19fa48 0edde558
0x0edde540:   5d30f003 c0020001 00000001 00000001
0x0edde550:   0edde554 8007042b 0edde568 5d29ddae 

Instructions: (pc=0x74d13d67)
0x74d13d47:   e0 01 c7 44 24 0c 1f 3d d1 74 89 44 24 04 85 c9
0x74d13d57:   75 1f 21 4c 24 10 8d 04 24 50 ff 15 28 03 dc 74
0x74d13d67:   8b 4c 24 54 33 cc e8 22 94 ff ff 8b e5 5d c2 10
0x74d13d77:   00 8b 45 10 83 f8 0f 77 18 89 44 24 10 c1 e0 02 


Register to memory mapping:

EAX=0x0edde4e0 is pointing into the stack for thread: 0x0f48c400
EBX={method} {0x0f18f7a4} 'setProgress' '(II)V' in 'flash/tools/debugger/__IProgress'
ECX=0x00000001 is an unknown value
EDX=0x00000000 is an unknown value
ESP=0x0edde4e0 is pointing into the stack for thread: 0x0f48c400
EBP=0x0edde53c is pointing into the stack for thread: 0x0f48c400
ESI=0x0a5e7678 is an unknown value
EDI=0x0f48c400 is a thread


Stack: [0x0ece0000,0x0ede0000],  sp=0x0edde4e0,  free space=1017k
Native frames: (J=compiled Java code, j=interpreted, Vv=VM code, C=native code)
C  [KERNELBASE.dll+0x13d67]
C  [mscorwks.dll+0x24f003]
C  [mscorwks.dll+0x1dddae]
C  [mscorwks.dll+0x1e8d]
j  flash.tools.debugger.__IProgress.setProgress(II)V+0
j  flash.tools.debugger.concrete.PlayerSessionManager.accept(Lflash/tools/debugger/concrete/ProcessListener;Lflash/tools/debugger/IProgress;)Lflash/tools/debugger/Session;+96
j  flash.tools.debugger.concrete.PlayerSessionManager.accept(Lflash/tools/debugger/IProgress;)Lflash/tools/debugger/Session;+3
v  ~StubRoutines::call_stub
V  [jvm.dll+0x155dc5]
V  [jvm.dll+0x21b31e]
V  [jvm.dll+0x155e5e]
V  [jvm.dll+0xdaf77]
V  [jvm.dll+0xdcadc]
C  [mscorwks.dll+0x1d39]
C  0x0109be63
C  0x0b69857f
C  0x0b4aae4c
C  0x0b4a9230
C  0x0b4a9135
C  [System.ni.dll+0x4a0e4d]
C  [System.ni.dll+0x4a0bae]
C  [mscorwks.dll+0x1b6c]
C  [mscorwks.dll+0x1900a]
C  [mscorwks.dll+0x300e93]
C  [mscorwks.dll+0x30132a]
C  [mscorlib.ni.dll+0x1b95c3]
C  [mscorlib.ni.dll+0x7b741e]
C  [mscorlib.ni.dll+0x7b73e0]
C  [mscorlib.ni.dll+0x20a913]
C  [mscorlib.ni.dll+0x20a7a9]
C  [mscorwks.dll+0x1b6c]
C  [mscorwks.dll+0x1900a]
C  [mscorwks.dll+0x195fb]
C  [mscorwks.dll+0x1963c]
C  [mscorwks.dll+0x196a9]
C  [mscorwks.dll+0xc1151]
C  [mscorwks.dll+0x454bf]
C  [mscorwks.dll+0x4545b]
C  [mscorwks.dll+0x4537a]
C  [mscorwks.dll+0x4550d]
C  [mscorwks.dll+0x492b4]
C  [mscorwks.dll+0xc0de6]
C  [mscorwks.dll+0x48f4d]
C  [mscorwks.dll+0x1600d9]
C  [KERNEL32.dll+0x1a534]
C  [ntdll.dll+0x48f8b]
C  [ntdll.dll+0x48f61]
C  0x00000000

Java frames: (J=compiled Java code, j=interpreted, Vv=VM code)
j  flash.tools.debugger.__IProgress.setProgress(II)V+0
j  flash.tools.debugger.concrete.PlayerSessionManager.accept(Lflash/tools/debugger/concrete/ProcessListener;Lflash/tools/debugger/IProgress;)Lflash/tools/debugger/Session;+96
j  flash.tools.debugger.concrete.PlayerSessionManager.accept(Lflash/tools/debugger/IProgress;)Lflash/tools/debugger/Session;+3
v  ~StubRoutines::call_stub

---------------  P R O C E S S  ---------------

Java Threads: ( => current thread )
=>0x0f48c400 JavaThread "Thread-1" daemon [_thread_in_native, id=6372, stack(0x0ece0000,0x0ede0000)]
  0x0f460800 JavaThread "Thread-0" daemon [_thread_in_native, id=6032, stack(0x02ba0000,0x02ca0000)]
  0x0f368800 JavaThread "Service Thread" daemon [_thread_blocked, id=6696, stack(0x0fa80000,0x0fb80000)]
  0x0f362c00 JavaThread "C1 CompilerThread0" daemon [_thread_blocked, id=5968, stack(0x0f940000,0x0fa40000)]
  0x0f36d800 JavaThread "Attach Listener" daemon [_thread_blocked, id=7100, stack(0x0f840000,0x0f940000)]
  0x0f36c800 JavaThread "Signal Dispatcher" daemon [_thread_blocked, id=5588, stack(0x0f740000,0x0f840000)]
  0x0f344c00 JavaThread "Finalizer" daemon [_thread_blocked, id=3716, stack(0x0f640000,0x0f740000)]
  0x0b8aec00 JavaThread "Reference Handler" daemon [_thread_blocked, id=3400, stack(0x0f540000,0x0f640000)]
  0x097db400 JavaThread "main" [_thread_in_native, id=920, stack(0x00e80000,0x00f80000)]

Other Threads:
  0x0b8ab000 VMThread [stack: 0x0eae0000,0x0ebe0000] [id=5404]
  0x0f397800 WatcherThread [stack: 0x0fbc0000,0x0fcc0000] [id=4652]

VM state:not at safepoint (normal execution)

VM Mutex/Monitor currently owned by a thread: None

Heap:
 def new generation   total 4928K, used 4026K [0x15000000, 0x15550000, 0x1a550000)
  eden space 4416K,  91% used [0x15000000, 0x153ee948, 0x15450000)
  from space 512K,   0% used [0x15450000, 0x15450000, 0x154d0000)
  to   space 512K,   0% used [0x154d0000, 0x154d0000, 0x15550000)
 tenured generation   total 10944K, used 0K [0x1a550000, 0x1b000000, 0x25000000)
   the space 10944K,   0% used [0x1a550000, 0x1a550000, 0x1a550200, 0x1b000000)
 Metaspace       used 2624K, capacity 2856K, committed 2880K, reserved 4480K

Card table byte_map: [0x0b370000,0x0b400000] byte_map_base: 0x0b2c8000

Polling page: 0x09dd0000

CodeCache: size=32768Kb used=774Kb max_used=774Kb free=31993Kb
 bounds [0x12f50000, 0x13018000, 0x14f50000]
 total_blobs=210 nmethods=65 adapters=76
 compilation: enabled

Compilation events (10 events):
Event: 0.493 Thread 0x0f362c00   60             java.lang.StringBuilder::append (8 bytes)
Event: 0.493 Thread 0x0f362c00 nmethod 60 0x13010708 code [0x13010800, 0x1301089c]
Event: 0.504 Thread 0x0f362c00   62             java.util.HashMap::get (23 bytes)
Event: 0.504 Thread 0x0f362c00 nmethod 62 0x13010bc8 code [0x13010ce0, 0x13010de8]
Event: 0.506 Thread 0x0f362c00   63             java.lang.String::equalsIgnoreCase (48 bytes)
Event: 0.506 Thread 0x0f362c00 nmethod 63 0x13010ec8 code [0x13010fd0, 0x130110dc]
Event: 0.510 Thread 0x0f362c00   64             java.lang.ClassLoader::checkName (43 bytes)
Event: 0.510 Thread 0x0f362c00 nmethod 64 0x130111c8 code [0x130112f0, 0x13011488]
Event: 0.510 Thread 0x0f362c00   65             sun.misc.VM::allowArraySyntax (4 bytes)
Event: 0.510 Thread 0x0f362c00 nmethod 65 0x13011648 code [0x13011740, 0x130117c0]

GC Heap History (0 events):
No events

Deoptimization events (0 events):
No events

Internal exceptions (10 events):
Event: 1.646 Thread 0x0f48c400 Exception <a 'java/net/SocketTimeoutException': Accept timed out> (0x153d70d8) thrown at [C:\re\workspace\8-2-build-windows-i586-cygwin\jdk8u51\3951\hotspot\src\share\vm\prims\jni.cpp, line 735]
Event: 1.747 Thread 0x0f48c400 Exception <a 'java/net/SocketTimeoutException': Accept timed out> (0x153d74b0) thrown at [C:\re\workspace\8-2-build-windows-i586-cygwin\jdk8u51\3951\hotspot\src\share\vm\prims\jni.cpp, line 735]
Event: 1.847 Thread 0x0f48c400 Exception <a 'java/net/SocketTimeoutException': Accept timed out> (0x153d7888) thrown at [C:\re\workspace\8-2-build-windows-i586-cygwin\jdk8u51\3951\hotspot\src\share\vm\prims\jni.cpp, line 735]
Event: 1.947 Thread 0x0f48c400 Exception <a 'java/net/SocketTimeoutException': Accept timed out> (0x153d7c60) thrown at [C:\re\workspace\8-2-build-windows-i586-cygwin\jdk8u51\3951\hotspot\src\share\vm\prims\jni.cpp, line 735]
Event: 2.047 Thread 0x0f48c400 Exception <a 'java/net/SocketTimeoutException': Accept timed out> (0x153d8038) thrown at [C:\re\workspace\8-2-build-windows-i586-cygwin\jdk8u51\3951\hotspot\src\share\vm\prims\jni.cpp, line 735]
Event: 2.148 Thread 0x0f48c400 Exception <a 'java/net/SocketTimeoutException': Accept timed out> (0x153d8410) thrown at [C:\re\workspace\8-2-build-windows-i586-cygwin\jdk8u51\3951\hotspot\src\share\vm\prims\jni.cpp, line 735]
Event: 2.248 Thread 0x0f48c400 Exception <a 'java/net/SocketTimeoutException': Accept timed out> (0x153d8800) thrown at [C:\re\workspace\8-2-build-windows-i586-cygwin\jdk8u51\3951\hotspot\src\share\vm\prims\jni.cpp, line 735]
Event: 2.349 Thread 0x0f48c400 Exception <a 'java/net/SocketTimeoutException': Accept timed out> (0x153d8bd8) thrown at [C:\re\workspace\8-2-build-windows-i586-cygwin\jdk8u51\3951\hotspot\src\share\vm\prims\jni.cpp, line 735]
Event: 2.450 Thread 0x0f48c400 Exception <a 'java/net/SocketTimeoutException': Accept timed out> (0x153d8fb0) thrown at [C:\re\workspace\8-2-build-windows-i586-cygwin\jdk8u51\3951\hotspot\src\share\vm\prims\jni.cpp, line 735]
Event: 2.550 Thread 0x0f48c400 Exception <a 'java/net/SocketTimeoutException': Accept timed out> (0x153d9388) thrown at [C:\re\workspace\8-2-build-windows-i586-cygwin\jdk8u51\3951\hotspot\src\share\vm\prims\jni.cpp, line 735]

Events (10 events):
Event: 0.540 loading class java/net/Inet4Address
Event: 0.540 loading class java/net/Inet4Address done
Event: 0.540 loading class sun/net/NetHooks
Event: 0.540 loading class sun/net/NetHooks done
Event: 0.540 loading class java/net/Inet6Address
Event: 0.540 loading class java/net/Inet6Address done
Event: 0.540 loading class java/net/Inet6Address$Inet6AddressHolder
Event: 0.540 loading class java/net/Inet6Address$Inet6AddressHolder done
Event: 0.542 loading class java/net/Socket
Event: 0.542 loading class java/net/Socket done


Dynamic libraries:
0x00da0000 - 0x00df8000 	F:\flash develop\FlashDevelop.exe
0x77080000 - 0x771e8000 	C:\WINDOWS\SYSTEM32\ntdll.dll
0x683f0000 - 0x68446000 	C:\WINDOWS\SYSTEM32\MSCOREE.DLL
0x76cb0000 - 0x76df0000 	C:\WINDOWS\SYSTEM32\KERNEL32.dll
0x74d00000 - 0x74dcf000 	C:\WINDOWS\SYSTEM32\KERNELBASE.dll
0x75380000 - 0x753f7000 	C:\WINDOWS\SYSTEM32\ADVAPI32.dll
0x75400000 - 0x754be000 	C:\WINDOWS\SYSTEM32\msvcrt.dll
0x74e20000 - 0x74e5e000 	C:\WINDOWS\SYSTEM32\sechost.dll
0x75110000 - 0x751c1000 	C:\WINDOWS\SYSTEM32\RPCRT4.dll
0x74ab0000 - 0x74acd000 	C:\WINDOWS\SYSTEM32\SspiCli.dll
0x74aa0000 - 0x74aa9000 	C:\WINDOWS\SYSTEM32\CRYPTBASE.dll
0x74a40000 - 0x74a91000 	C:\WINDOWS\SYSTEM32\bcryptPrimitives.dll
0x68370000 - 0x683ee000 	C:\Windows\Microsoft.NET\Framework\v4.0.30319\mscoreei.dll
0x74dd0000 - 0x74e11000 	C:\WINDOWS\SYSTEM32\SHLWAPI.dll
0x759b0000 - 0x75afe000 	C:\WINDOWS\SYSTEM32\combase.dll
0x75860000 - 0x759b0000 	C:\WINDOWS\SYSTEM32\USER32.dll
0x75260000 - 0x75368000 	C:\WINDOWS\SYSTEM32\GDI32.dll
0x76e40000 - 0x76e65000 	C:\WINDOWS\system32\IMM32.DLL
0x76e70000 - 0x76f67000 	C:\WINDOWS\SYSTEM32\MSCTF.dll
0x5d0c0000 - 0x5d66f000 	C:\Windows\Microsoft.NET\Framework\v2.0.50727\mscorwks.dll
0x682d0000 - 0x6836b000 	C:\WINDOWS\WinSxS\x86_microsoft.vc80.crt_1fc8b3b9a1e18e3b_8.0.50727.8428_none_d08a11e2442dc25d\MSVCR80.dll
0x75b00000 - 0x76ca1000 	C:\WINDOWS\SYSTEM32\shell32.dll
0x74710000 - 0x74787000 	C:\WINDOWS\SYSTEM32\SHCORE.dll
0x74700000 - 0x7470e000 	C:\WINDOWS\SYSTEM32\profapi.dll
0x5c5c0000 - 0x5d0b9000 	C:\WINDOWS\assembly\NativeImages_v2.0.50727_32\mscorlib\0cc1da9cd31b490f4ec04cb6c2aa0519\mscorlib.ni.dll
0x756d0000 - 0x757db000 	C:\WINDOWS\SYSTEM32\ole32.dll
0x73f40000 - 0x73f49000 	C:\WINDOWS\SYSTEM32\kernel.appcore.dll
0x74620000 - 0x746fc000 	C:\WINDOWS\system32\uxtheme.dll
0x68270000 - 0x682cb000 	C:\Windows\Microsoft.NET\Framework\v2.0.50727\mscorjit.dll
0x740e0000 - 0x740f8000 	C:\WINDOWS\SYSTEM32\CRYPTSP.dll
0x740b0000 - 0x740df000 	C:\WINDOWS\system32\rsaenh.dll
0x74090000 - 0x740ad000 	C:\WINDOWS\SYSTEM32\bcrypt.dll
0x05720000 - 0x058f4000 	F:\flash develop\PluginCore.dll
0x5be10000 - 0x5c5b3000 	C:\WINDOWS\assembly\NativeImages_v2.0.50727_32\System\5a86b00da9227fe7c9a1f6ca95c1850c\System.ni.dll
0x680e0000 - 0x68269000 	C:\WINDOWS\assembly\NativeImages_v2.0.50727_32\System.Drawing\e846f72e7c00312a5d9c04e7f70fa4a8\System.Drawing.ni.dll
0x5b230000 - 0x5be0e000 	C:\WINDOWS\assembly\NativeImages_v2.0.50727_32\System.Windows.Forms\eac55000ab752ad6469e74bc2031a3ef\System.Windows.Forms.ni.dll
0x5acf0000 - 0x5b22a000 	C:\WINDOWS\assembly\NativeImages_v2.0.50727_32\System.Xml\9e55130078215e51257977a651b0696b\System.Xml.ni.dll
0x6f030000 - 0x6f039000 	C:\WINDOWS\SYSTEM32\secur32.dll
0x74600000 - 0x74619000 	C:\WINDOWS\system32\dwmapi.dll
0x74f10000 - 0x7505d000 	C:\WINDOWS\WinSxS\x86_microsoft.windows.gdiplus_6595b64144ccf1df_1.1.9600.16384_none_dadf89385bc5c7d7\gdiplus.dll
0x70b40000 - 0x70cb2000 	C:\WINDOWS\SYSTEM32\DWrite.dll
0x6d540000 - 0x6d546000 	C:\WINDOWS\SYSTEM32\shfolder.dll
0x630c0000 - 0x6320d000 	C:\WINDOWS\SYSTEM32\WindowsCodecs.dll
0x751d0000 - 0x75257000 	C:\WINDOWS\SYSTEM32\oleaut32.dll
0x73ce0000 - 0x73ec5000 	C:\WINDOWS\WinSxS\x86_microsoft.windows.common-controls_6595b64144ccf1df_6.0.9600.16384_none_a9f4965301334e09\comctl32.dll
0x081f0000 - 0x08200000 	F:\flash develop\Plugins\AS2Context.dll
0x08210000 - 0x08292000 	F:\flash develop\Plugins\ASCompletion.dll
0x08330000 - 0x08356000 	F:\flash develop\Plugins\AS3Context.dll
0x083f0000 - 0x0841a000 	F:\flash develop\Aga.dll
0x08420000 - 0x0844e000 	F:\flash develop\Plugins\XMLCompletion.dll
0x74980000 - 0x749a5000 	C:\WINDOWS\SYSTEM32\ntmarta.dll
0x084b0000 - 0x084c0000 	F:\flash develop\Plugins\ASClassWizard.dll
0x68060000 - 0x680e0000 	C:\WINDOWS\SYSTEM32\RichEd20.DLL
0x73c20000 - 0x73c34000 	C:\WINDOWS\SYSTEM32\USP10.dll
0x68020000 - 0x68051000 	C:\WINDOWS\SYSTEM32\msls31.dll
0x74a30000 - 0x74a38000 	C:\WINDOWS\SYSTEM32\version.dll
0x08710000 - 0x08732000 	F:\flash develop\Plugins\AirProperties.dll
0x086c0000 - 0x086ca000 	F:\flash develop\Plugins\BasicCompletion.dll
0x08740000 - 0x0874c000 	F:\flash develop\Plugins\BookmarkPanel.dll
0x08760000 - 0x08768000 	F:\flash develop\Plugins\BridgeSettings.dll
0x08780000 - 0x0878a000 	F:\flash develop\Plugins\CodeAnalyzer.dll
0x088c0000 - 0x08942000 	F:\flash develop\Plugins\CodeFormatter.dll
0x087c0000 - 0x087e4000 	F:\flash develop\Antlr3.dll
0x08960000 - 0x08970000 	F:\flash develop\Plugins\CodeRefactor.dll
0x08970000 - 0x0897c000 	F:\flash develop\Plugins\CssCompletion.dll
0x089a0000 - 0x089a8000 	F:\flash develop\Plugins\DataEncoder.dll
0x089c0000 - 0x089ce000 	F:\flash develop\Plugins\FileExplorer.dll
0x089e0000 - 0x089ea000 	F:\flash develop\Plugins\FlashConnect.dll
0x76df0000 - 0x76e3d000 	C:\WINDOWS\SYSTEM32\ws2_32.dll
0x74ad0000 - 0x74ad7000 	C:\WINDOWS\SYSTEM32\NSI.dll
0x74860000 - 0x748a5000 	C:\WINDOWS\system32\mswsock.dll
0x62fc0000 - 0x630b3000 	C:\WINDOWS\assembly\NativeImages_v2.0.50727_32\System.Configuration\1b66c3a9184d6f58a4ea4c9fda959ae1\System.Configuration.ni.dll
0x08b80000 - 0x08ba0000 	F:\flash develop\Plugins\FlashDebugger.dll
0x08cc0000 - 0x08ce8000 	F:\flash develop\Plugins\fdb.j4n.dll
0x08ee0000 - 0x08fc0000 	F:\flash develop\Plugins\jni4net.n-0.8.4.0.dll
0x08de0000 - 0x08dec000 	F:\flash develop\Plugins\FlashLogViewer.dll
0x090e0000 - 0x090f4000 	F:\flash develop\Plugins\FlashViewer.dll
0x09210000 - 0x09278000 	F:\flash develop\Plugins\ProjectManager.dll
0x09140000 - 0x09152000 	F:\flash develop\Plugins\HaXeContext.dll
0x09190000 - 0x0919e000 	F:\flash develop\Plugins\LayoutManager.dll
0x092a0000 - 0x092b2000 	F:\flash develop\Plugins\LoomContext.dll
0x092e0000 - 0x092ec000 	F:\flash develop\Plugins\MacroManager.dll
0x09300000 - 0x0930a000 	F:\flash develop\Plugins\OutputPanel.dll
0x09470000 - 0x0947c000 	F:\flash develop\Plugins\PHPContext.dll
0x094b0000 - 0x094d2000 	F:\flash develop\SwfOp.dll
0x5ac20000 - 0x5ace1000 	C:\WINDOWS\assembly\NativeImages_v2.0.50727_32\System.Runtime.Remo#\3e7b6f6c6936e15e3de38cd6c81bdaed\System.Runtime.Remoting.ni.dll
0x09de0000 - 0x09dec000 	F:\flash develop\Plugins\ResultsPanel.dll
0x09e00000 - 0x09e14000 	F:\flash develop\Plugins\SourceControl.dll
0x09e60000 - 0x09e6a000 	F:\flash develop\Plugins\StartPage.dll
0x5a0b0000 - 0x5ac13000 	C:\WINDOWS\assembly\NativeImages_v2.0.50727_32\System.Web\ec43268479a235f3e41f6b06f57177ca\System.Web.ni.dll
0x09e80000 - 0x09e8c000 	F:\flash develop\Plugins\TaskListPanel.dll
0x68010000 - 0x6801a000 	F:\flash develop\Plugins\jni4net.n.w32.v20-0.8.4.0.dll
0x10000000 - 0x100a8000 	F:\flash develop\SciLexer.dll
0x707d0000 - 0x707d6000 	C:\WINDOWS\SYSTEM32\Msimg32.DLL
0x70a10000 - 0x70b34000 	C:\WINDOWS\SYSTEM32\PROPSYS.dll
0x757e0000 - 0x7585d000 	C:\WINDOWS\SYSTEM32\clbcatq.dll
0x64890000 - 0x648af000 	C:\Windows\SYSTEM32\thumbcache.dll
0x74b30000 - 0x74cdc000 	C:\WINDOWS\SYSTEM32\SETUPAPI.dll
0x74af0000 - 0x74b2a000 	C:\WINDOWS\SYSTEM32\CFGMGR32.dll
0x741f0000 - 0x742ec000 	C:\Windows\SYSTEM32\actxprxy.dll
0x63870000 - 0x6387f000 	C:\WINDOWS\system32\mssprxy.dll
0x74410000 - 0x744aa000 	C:\WINDOWS\system32\apphelp.dll
0x641b0000 - 0x6422b000 	C:\WINDOWS\SYSTEM32\sxs.dll
0x59c30000 - 0x59ff0000 	C:\Program Files (x86)\Java\jre1.8.0_51\bin\client\jvm.dll
0x707a0000 - 0x707a8000 	C:\WINDOWS\SYSTEM32\WSOCK32.dll
0x73cc0000 - 0x73ce0000 	C:\WINDOWS\SYSTEM32\WINMM.dll
0x74ae0000 - 0x74ae6000 	C:\WINDOWS\SYSTEM32\PSAPI.DLL
0x73430000 - 0x734ef000 	C:\WINDOWS\SYSTEM32\MSVCR100.dll
0x73c80000 - 0x73ca0000 	C:\WINDOWS\SYSTEM32\WINMMBASE.dll
0x749b0000 - 0x749cf000 	C:\WINDOWS\SYSTEM32\DEVOBJ.dll
0x68000000 - 0x6800c000 	C:\Program Files (x86)\Java\jre1.8.0_51\bin\verify.dll
0x64860000 - 0x64881000 	C:\Program Files (x86)\Java\jre1.8.0_51\bin\java.dll
0x64840000 - 0x64853000 	C:\Program Files (x86)\Java\jre1.8.0_51\bin\zip.dll
0x58790000 - 0x59ad2000 	C:\Windows\SYSTEM32\Macromed\Flash\Flash.ocx
0x739f0000 - 0x73bb3000 	C:\WINDOWS\SYSTEM32\WININET.dll
0x75550000 - 0x756cf000 	C:\WINDOWS\SYSTEM32\CRYPT32.dll
0x64760000 - 0x647d9000 	C:\WINDOWS\SYSTEM32\DSOUND.dll
0x63b90000 - 0x63bc5000 	C:\WINDOWS\SYSTEM32\DINPUT8.dll
0x6d400000 - 0x6d523000 	C:\WINDOWS\SYSTEM32\urlmon.dll
0x586a0000 - 0x58784000 	C:\WINDOWS\SYSTEM32\UIAutomationCore.DLL
0x6f080000 - 0x6f0f7000 	C:\WINDOWS\SYSTEM32\mscms.dll
0x747a0000 - 0x747be000 	C:\WINDOWS\SYSTEM32\IPHLPAPI.DLL
0x737d0000 - 0x739e5000 	C:\WINDOWS\SYSTEM32\iertutil.dll
0x75100000 - 0x7510e000 	C:\WINDOWS\SYSTEM32\MSASN1.dll
0x703b0000 - 0x703ee000 	C:\WINDOWS\SYSTEM32\POWRPROF.dll
0x73ca0000 - 0x73cb9000 	C:\WINDOWS\SYSTEM32\USERENV.dll
0x74790000 - 0x74798000 	C:\WINDOWS\SYSTEM32\WINNSI.DLL
0x64820000 - 0x64835000 	C:\Program Files (x86)\Java\jre1.8.0_51\bin\net.dll

VM Arguments:
java_command: <unknown>
java_class_path (initial): F:\flash develop\Plugins\jni4net.j-0.8.4.0.jar;F:\flash develop\Plugins\fbd.j4n.jar;F:\flash develop\Plugins\jni4net.j-0.8.4.0.jar;F:\flash develop\Tools\flexlibs\lib\asc.jar;F:\flash develop\Tools\flexlibs\lib\fdb.jar;F:\flash develop\Tools\flexlibs\lib\mxmlc.jar;F:\flash develop\Tools\flexlibs\lib\swfutils.jar
Launcher Type: generic

Environment Variables:
PATH=C:\ProgramData\Oracle\Java\javapath;C:\WINDOWS\system32;C:\WINDOWS;C:\WINDOWS\System32\Wbem;C:\WINDOWS\System32\WindowsPowerShell\v1.0\;C:\Program Files (x86)\NVIDIA Corporation\PhysX\Common
USERNAME=kevin_000
OS=Windows_NT
PROCESSOR_IDENTIFIER=Intel64 Family 6 Model 42 Stepping 7, GenuineIntel



---------------  S Y S T E M  ---------------

OS: